<?xml version="1.0" encoding="UTF-8"?>
<testsuite xmlns:xsi="http://www.w3.org/2001/XMLSchema-instance" xsi:noNamespaceSchemaLocation="https://maven.apache.org/surefire/maven-surefire-plugin/xsd/surefire-test-report-3.0.xsd" version="3.0" name="Asistencias.AsistenciasApplicationTests" time="11.448" tests="1" errors="0" skipped="0" failures="0">
  <properties>
[...]
</properties>
  <testcase name="contextLoads" classname="Asistencias.AsistenciasApplicationTests" time="0.781">
    <system-out><![CDATA[05:44:16.998 [main] INFO org.springframework.test.context.support.AnnotationConfigContextLoaderUtils -- Could not detect default configuration classes for test class [Asistencias.AsistenciasApplicationTests]: AsistenciasApplicationTests does not declare any static, non-private, non-final, nested classes annotated with @Configuration.
05:44:17.196 [main] INFO org.springframework.boot.test.context.SpringBootTestContextBootstrapper -- Found @SpringBootConfiguration Asistencias.AsistenciasApplication for test class Asistencias.AsistenciasApplicationTests

  .   ____          _            __ _ _
 /\\ / ___'_ __ _ _(_)_ __  __ _ \ \ \ \
( ( )\___ | '_ | '_| | '_ \/ _` | \ \ \ \
 \\/  ___)| |_)| | | | | || (_| |  ) ) ) )
  '  |____| .__|_| |_|_| |_\__, | / / / /
 =========|_|==============|___/=/_/_/_/
 :: Spring Boot ::                (v3.1.3)

2025-05-15T05:44:18.383-05:00 DEBUG 16940 --- [           main] o.s.w.c.s.GenericWebApplicationContext   : Refreshing org.springframework.web.context.support.GenericWebApplicationContext@5be82d43
[RFID SERVICE] Constructor iniciado
[RFID INIT] Intentando abrir puerto: COM3
[RFID INIT] Puerto abierto correctamente
2025-05-15T05:44:25.901-05:00 DEBUG 16940 --- [           main] swordEncoderAuthenticationManagerBuilder : No authenticationProviders and no parentAuthenticationManager defined. Returning null.
2025-05-15T05:44:26.188-05:00  INFO 16940 --- [           main] o.s.s.web.DefaultSecurityFilterChain     : Will secure Asistencias.config.SecurityConfig$$Lambda/0x0000017642823a88@7f6936cc with [org.springframework.security.web.session.DisableEncodeUrlFilter@56bf6f1e, org.springframework.security.web.context.request.async.WebAsyncManagerIntegrationFilter@4ac26092, org.springframework.security.web.context.SecurityContextHolderFilter@8cd2bb5, org.springframework.security.web.header.HeaderWriterFilter@3514df8d, org.springframework.web.filter.CorsFilter@308e465b, org.springframework.security.web.authentication.logout.LogoutFilter@4fccdd1d, Asistencias.security.JwtAuthenticationFilter@2d26c6a2, org.springframework.security.web.savedrequest.RequestCacheAwareFilter@419ece7a, org.springframework.security.web.servletapi.SecurityContextHolderAwareRequestFilter@3ec6f3f1, org.springframework.security.web.authentication.AnonymousAuthenticationFilter@6e7d9d0, org.springframework.security.web.session.SessionManagementFilter@4b3b2a4f, org.springframework.security.web.access.ExceptionTranslationFilter@5fcff272, org.springframework.security.web.access.intercept.AuthorizationFilter@35b38986]
2025-05-15T05:44:26.355-05:00 DEBUG 16940 --- [           main] o.s.w.s.s.s.WebSocketHandlerMapping      : Patterns [/rfid-ws/**] in 'stompWebSocketHandlerMapping'
2025-05-15T05:44:26.453-05:00 DEBUG 16940 --- [           main] .WebSocketAnnotationMethodMessageHandler : 
	A.c.AsistenciaController:
	
2025-05-15T05:44:26.455-05:00 DEBUG 16940 --- [           main] .WebSocketAnnotationMethodMessageHandler : 
	A.c.AuthController:
	
2025-05-15T05:44:26.455-05:00 DEBUG 16940 --- [           main] .WebSocketAnnotationMethodMessageHandler : 
	A.c.CarreraController:
	
2025-05-15T05:44:26.456-05:00 DEBUG 16940 --- [           main] .WebSocketAnnotationMethodMessageHandler : 
	A.c.Carrera_MateriaController:
	
2025-05-15T05:44:26.456-05:00 DEBUG 16940 --- [           main] .WebSocketAnnotationMethodMessageHandler : 
	A.c.CursoController:
	
2025-05-15T05:44:26.456-05:00 DEBUG 16940 --- [           main] .WebSocketAnnotationMethodMessageHandler : 
	A.c.FacultadController:
	
2025-05-15T05:44:26.456-05:00 DEBUG 16940 --- [           main] .WebSocketAnnotationMethodMessageHandler : 
	A.c.InscripcionesController:
	
2025-05-15T05:44:26.457-05:00 DEBUG 16940 --- [           main] .WebSocketAnnotationMethodMessageHandler : 
	A.c.MateriaController:
	
2025-05-15T05:44:26.477-05:00 DEBUG 16940 --- [           main] .WebSocketAnnotationMethodMessageHandler : 
	A.c.RfidWebSocketController:
	{[MESSAGE],[/rfid]}: handleRfidMessage(String)
2025-05-15T05:44:26.481-05:00 DEBUG 16940 --- [           main] .WebSocketAnnotationMethodMessageHandler : 
	A.c.SesionesController:
	
2025-05-15T05:44:26.482-05:00 DEBUG 16940 --- [           main] .WebSocketAnnotationMethodMessageHandler : 
	A.c.UsuarioController:
	
2025-05-15T05:44:26.494-05:00 DEBUG 16940 --- [           main] .WebSocketAnnotationMethodMessageHandler : 
	o.s.b.a.w.s.e.BasicErrorController:
	
2025-05-15T05:44:26.893-05:00 DEBUG 16940 --- [           main] s.w.s.m.m.a.RequestMappingHandlerAdapter : ControllerAdvice beans: 0 @ModelAttribute, 0 @InitBinder, 1 RequestBodyAdvice, 1 ResponseBodyAdvice
2025-05-15T05:44:27.044-05:00 DEBUG 16940 --- [           main] s.w.s.m.m.a.RequestMappingHandlerMapping : 51 mappings in 'requestMappingHandlerMapping'
2025-05-15T05:44:27.086-05:00 DEBUG 16940 --- [           main] o.s.w.s.handler.SimpleUrlHandlerMapping  : Patterns [/webjars/**, /**] in 'resourceHandlerMapping'
2025-05-15T05:44:27.101-05:00 DEBUG 16940 --- [           main] .m.m.a.ExceptionHandlerExceptionResolver : ControllerAdvice beans: 0 @ExceptionHandler, 1 ResponseBodyAdvice
2025-05-15T05:44:27.249-05:00 DEBUG 16940 --- [           main] org.springframework.web.SimpLogging      : clientOutboundChannel added SubProtocolWebSocketHandler[StompSubProtocolHandler[v10.stomp, v11.stomp, v12.stomp]]
2025-05-15T05:44:27.249-05:00 DEBUG 16940 --- [           main] org.springframework.web.SimpLogging      : clientInboundChannel added WebSocketAnnotationMethodMessageHandler[prefixes=[/app/]]
2025-05-15T05:44:27.251-05:00  INFO 16940 --- [           main] org.springframework.web.SimpLogging      : Starting...
2025-05-15T05:44:27.251-05:00 DEBUG 16940 --- [           main] org.springframework.web.SimpLogging      : clientInboundChannel added SimpleBrokerMessageHandler [org.springframework.messaging.simp.broker.DefaultSubscriptionRegistry@e763080]
2025-05-15T05:44:27.251-05:00 DEBUG 16940 --- [           main] org.springframework.web.SimpLogging      : brokerChannel added SimpleBrokerMessageHandler [org.springframework.messaging.simp.broker.DefaultSubscriptionRegistry@e763080]
2025-05-15T05:44:27.253-05:00  INFO 16940 --- [           main] org.springframework.web.SimpLogging      : BrokerAvailabilityEvent[available=true, SimpleBrokerMessageHandler [org.springframework.messaging.simp.broker.DefaultSubscriptionRegistry@e763080]]
2025-05-15T05:44:27.254-05:00  INFO 16940 --- [           main] org.springframework.web.SimpLogging      : Started.
2025-05-15T05:44:27.255-05:00 DEBUG 16940 --- [           main] org.springframework.web.SimpLogging      : clientInboundChannel added UserDestinationMessageHandler[DefaultUserDestinationResolver[prefix=/user/]]
2025-05-15T05:44:27.255-05:00 DEBUG 16940 --- [           main] org.springframework.web.SimpLogging      : brokerChannel added UserDestinationMessageHandler[DefaultUserDestinationResolver[prefix=/user/]]
]]></system-out>
    <system-err><![CDATA[WARNING: A Java agent has been loaded dynamically (C:\Users\kevin\.m2\repository\net\bytebuddy\byte-buddy-agent\1.14.6\byte-buddy-agent-1.14.6.jar)
WARNING: If a serviceability tool is in use, please run with -XX:+EnableDynamicAgentLoading to hide this warning
WARNING: If a serviceability tool is not in use, please run with -Djdk.instrument.traceUsage for more information
WARNING: Dynamic loading of agents will be disallowed by default in a future release
]]></system-err>
  </testcase>
</testsuite>